<?xml version="1.0" encoding="UTF-8"?>
<testsuite xmlns:xsi="http://www.w3.org/2001/XMLSchema-instance" xsi:noNamespaceSchemaLocation="https://maven.apache.org/surefire/maven-surefire-plugin/xsd/surefire-test-report.xsd" name="ug.kevinbazira.carrentalpricecomparison.test.TestWebScraper" time="29.543" tests="5" errors="0" skipped="0" failures="0">
  <properties>
[...]
</properties>
  <testcase name="testXCarRental" classname="ug.kevinbazira.carrentalpricecomparison.test.TestWebScraper" time="18.134"/>
  <testcase name="testRentalCarsUAE" classname="ug.kevinbazira.carrentalpricecomparison.test.TestWebScraper" time="0.753"/>
  <testcase name="testPhantomRentCar" classname="ug.kevinbazira.carrentalpricecomparison.test.TestWebScraper" time="1.678"/>
  <testcase name="testQuickDrive" classname="ug.kevinbazira.carrentalpricecomparison.test.TestWebScraper" time="1.019"/>
  <testcase name="testDrivus" classname="ug.kevinbazira.carrentalpricecomparison.test.TestWebScraper" time="4.511"/>
</testsuite>